=============== CAMB Processing ===============

 WARNING: nu_mass_degeneracies ignored when share_delta_neff
h = 0.69
Reion redshift       =   9.413
Om_b h^2             =  0.021996
Om_c h^2             =  0.120834
Om_nu h^2            =  0.000000
Om_Lambda            =  0.700000
Om_K                 =  0.000000
Om_m (1-Om_K-Om_L)   =  0.300000
100 theta (CosmoMC)  =  1.046106
Age of universe/GYr  =  13.657
zstar                =  1090.28
r_s(zstar)/Mpc       =  144.52
100*theta            =  1.046417
zdrag                =  1058.94
r_s(zdrag)/Mpc       =  147.31
k_D(zstar) Mpc       =  0.1406
100*theta_D          =  0.161822
z_EQ (if v_nu=1)     =  3413.20
100*theta_EQ         =  0.814299
tau_recomb/Mpc       =  280.32  tau_now/Mpc =  14091.6
 at z =    0.00000000      sigma8 (all matter)=  0.830028713    
