=============== CAMB Processing ===============

 WARNING: nu_mass_degeneracies ignored when share_delta_neff
h = 0.71
Reion redshift       =   9.221
Om_b h^2             =  0.023289
Om_c h^2             =  0.127941
Om_nu h^2            =  0.000000
Om_Lambda            =  0.700000
Om_K                 =  0.000000
Om_m (1-Om_K-Om_L)   =  0.300000
100 theta (CosmoMC)  =  1.055847
Age of universe/GYr  =  13.272
zstar                =  1089.21
r_s(zstar)/Mpc       =  141.78
100*theta            =  1.056056
zdrag                =  1062.37
r_s(zdrag)/Mpc       =  144.09
k_D(zstar) Mpc       =  0.1450
100*theta_D          =  0.161354
z_EQ (if v_nu=1)     =  3613.99
100*theta_EQ         =  0.791169
tau_recomb/Mpc       =  276.61  tau_now/Mpc =  13701.9
 at z =    0.00000000      sigma8 (all matter)=  0.829974353    
