=============== CAMB Processing ===============

 WARNING: nu_mass_degeneracies ignored when share_delta_neff
Reion redshift       =   9.419
Om_b h^2             =  0.022638
Om_c h^2             =  0.129262
Om_nu h^2            =  0.000000
Om_Lambda            =  0.690000
Om_K                 =  0.000000
Om_m (1-Om_K-Om_L)   =  0.310000
100 theta (CosmoMC)  =  1.055890
Age of universe/GYr  =  13.339
zstar                =  1090.13
r_s(zstar)/Mpc       =  141.94
100*theta            =  1.056160
zdrag                =  1061.00
r_s(zdrag)/Mpc       =  144.45
k_D(zstar) Mpc       =  0.1441
100*theta_D          =  0.162198
z_EQ (if v_nu=1)     =  3630.01
100*theta_EQ         =  0.786881
tau_recomb/Mpc       =  275.96  tau_now/Mpc =  13715.0
 at z =    0.00000000      sigma8 (all matter)=  0.829997897    
