=============== CAMB Processing ===============

 WARNING: nu_mass_degeneracies ignored when share_delta_neff
Reion redshift       =   9.212
Om_b h^2             =  0.022638
Om_c h^2             =  0.119462
Om_nu h^2            =  0.000000
Om_Lambda            =  0.710000
Om_K                 =  0.000000
Om_m (1-Om_K-Om_L)   =  0.290000
100 theta (CosmoMC)  =  1.046022
Age of universe/GYr  =  13.589
zstar                =  1089.29
r_s(zstar)/Mpc       =  144.39
100*theta            =  1.046307
zdrag                =  1060.31
r_s(zdrag)/Mpc       =  146.96
k_D(zstar) Mpc       =  0.1414
100*theta_D          =  0.160985
z_EQ (if v_nu=1)     =  3395.75
100*theta_EQ         =  0.819136
tau_recomb/Mpc       =  281.02  tau_now/Mpc =  14081.1
 at z =    0.00000000      sigma8 (all matter)=  0.830022156    
